<?xml version="1.0" encoding="UTF-8"?>
<testsuite name="ru.ineb.labconcurrency.ExecutorsTests" tests="1" skipped="0" failures="0" errors="0" timestamp="2022-08-07T13:29:47" hostname="AMWFAMLTM-A0175.local" time="5.216">
  <properties/>
  <testcase name="GivenCallableAndSupplierWhenTryingToUseThemThenIts" classname="ru.ineb.labconcurrency.ExecutorsTests" time="5.216"/>
  <system-out><![CDATA[]]></system-out>
  <system-err><![CDATA[]]></system-err>
</testsuite>
